Unity Editor version:    2021.3.22f1 (b6c551784ba3)
Branch:                  2021.3/staging
Build type:              Release
Batch mode:              YES
macOS version:           Version 14.5 (Build 23F79)
Darwin version:          23.5.0
Architecture:            arm64
Running under Rosetta:   NO
Available memory:        8192 MB
Using pre-set license
Pro License: YES

COMMAND LINE ARGUMENTS:
/Applications/Unity/Hub/Editor/2021.3.22f1/Unity.app/Contents/MacOS/Unity
-adb2
-batchMode
-noUpm
-name
AssetImportWorker0
-projectPath
/Users/guestx/Documents/OrbitCleaner1
-logFile
Logs/AssetImportWorker0.log
-srvPort
49365
Successfully changed project path to: /Users/guestx/Documents/OrbitCleaner1
/Users/guestx/Documents/OrbitCleaner1
[UnityMemory] Configuration Parameters - Can be set up in boot.config
    "memorysetup-bucket-allocator-granularity=16"
    "memorysetup-bucket-allocator-bucket-count=8"
    "memorysetup-bucket-allocator-block-size=33554432"
    "memorysetup-bucket-allocator-block-count=8"
    "memorysetup-main-allocator-block-size=16777216"
    "memorysetup-thread-allocator-block-size=16777216"
    "memorysetup-gfx-main-allocator-block-size=16777216"
    "memorysetup-gfx-thread-allocator-block-size=16777216"
    "memorysetup-cache-allocator-block-size=4194304"
    "memorysetup-typetree-allocator-block-size=2097152"
    "memorysetup-profiler-bucket-allocator-granularity=16"
    "memorysetup-profiler-bucket-allocator-bucket-count=8"
    "memorysetup-profiler-bucket-allocator-block-size=33554432"
    "memorysetup-profiler-bucket-allocator-block-count=8"
    "memorysetup-profiler-allocator-block-size=16777216"
    "memorysetup-profiler-editor-allocator-block-size=1048576"
    "memorysetup-temp-allocator-size-main=16777216"
    "memorysetup-job-temp-allocator-block-size=2097152"
    "memorysetup-job-temp-allocator-block-size-background=1048576"
    "memorysetup-job-temp-allocator-reduction-small-platforms=262144"
    "memorysetup-temp-allocator-size-background-worker=32768"
    "memorysetup-temp-allocator-size-job-worker=262144"
    "memorysetup-temp-allocator-size-preload-manager=33554432"
    "memorysetup-temp-allocator-size-nav-mesh-worker=65536"
    "memorysetup-temp-allocator-size-audio-worker=65536"
    "memorysetup-temp-allocator-size-cloud-worker=32768"
    "memorysetup-temp-allocator-size-gi-baking-worker=262144"
    "memorysetup-temp-allocator-size-gfx=262144"
Player connection [8636206080] Host "[IP] 192.168.178.26 [Port] 0 [Flags] 2 [Guid] 1060272429 [EditorId] 1060272429 [Version] 1048832 [Id] OSXEditor(0,Philipps-Air-2.fritz.box) [Debug] 1 [PackageName] OSXEditor [ProjectName] Editor" joined multi-casting on [225.0.0.222:54997]...

Player connection [8636206080] Host "[IP] 192.168.178.26 [Port] 0 [Flags] 2 [Guid] 1060272429 [EditorId] 1060272429 [Version] 1048832 [Id] OSXEditor(0,Philipps-Air-2.fritz.box) [Debug] 1 [PackageName] OSXEditor [ProjectName] Editor" joined alternative multi-casting on [225.0.0.222:34997]...

Refreshing native plugins compatible for Editor in 202.75 ms, found 4 plugins.
Preloading 0 native plugins for Editor in 0.00 ms.
Initialize engine version: 2021.3.22f1 (b6c551784ba3)
[Subsystems] Discovering subsystems at path /Applications/Unity/Hub/Editor/2021.3.22f1/Unity.app/Contents/Resources/UnitySubsystems
[Subsystems] Discovering subsystems at path /Users/guestx/Documents/OrbitCleaner1/Assets
GfxDevice: creating device client; threaded=0; jobified=0
 preferred device: Apple M2 (high power)
Metal devices available: 1
0: Apple M2 (high power)
Using device Apple M2 (high power)
Initializing Metal device caps: Apple M2
Initialize mono
Mono path[0] = '/Applications/Unity/Hub/Editor/2021.3.22f1/Unity.app/Contents/Managed'
Mono path[1] = '/Applications/Unity/Hub/Editor/2021.3.22f1/Unity.app/Contents/MonoBleedingEdge/lib/mono/unityjit-macos'
Mono config path = '/Applications/Unity/Hub/Editor/2021.3.22f1/Unity.app/Contents/MonoBleedingEdge/etc'
Using monoOptions --debugger-agent=transport=dt_socket,embedding=1,server=y,suspend=n,address=127.0.0.1:56451
Begin MonoManager ReloadAssembly
Registering precompiled unity dll's ...
Register platform support module: /Applications/Unity/Hub/Editor/2021.3.22f1/Unity.app/Contents/PlaybackEngines/MacStandaloneSupport/UnityEditor.OSXStandalone.Extensions.dll
Registered in 0.001217 seconds.
Native extension for OSXStandalone target not found
Refreshing native plugins compatible for Editor in 108.67 ms, found 4 plugins.
Preloading 0 native plugins for Editor in 0.00 ms.
Mono: successfully reloaded assembly
- Completed reload, in  0.640 seconds
Domain Reload Profiling:
	ReloadAssembly (640ms)
		BeginReloadAssembly (105ms)
			ExecutionOrderSort (0ms)
			DisableScriptedObjects (0ms)
			BackupInstance (0ms)
			ReleaseScriptingObjects (0ms)
			CreateAndSetChildDomain (1ms)
		EndReloadAssembly (451ms)
			LoadAssemblies (105ms)
			RebuildTransferFunctionScriptingTraits (1ms)
			SetupTypeCache (105ms)
			ReleaseScriptCaches (0ms)
			RebuildScriptCaches (29ms)
			SetupLoadedEditorAssemblies (275ms)
				LogAssemblyErrors (0ms)
				InitializePlatformSupportModulesInManaged (5ms)
				SetLoadedEditorAssemblies (0ms)
				RefreshPlugins (109ms)
				BeforeProcessingInitializeOnLoad (1ms)
				ProcessInitializeOnLoadAttributes (123ms)
				ProcessInitializeOnLoadMethodAttributes (38ms)
				AfterProcessingInitializeOnLoad (0ms)
				EditorAssembliesLoaded (0ms)
			ExecutionOrderSort2 (0ms)
			AwakeInstancesAfterBackupRestoration (0ms)
Platform modules already initialized, skipping
Registering precompiled user dll's ...
Registered in 0.006487 seconds.
Begin MonoManager ReloadAssembly
Symbol file LoadedFromMemory doesn't match image /Users/guestx/Documents/OrbitCleaner1/Library/PackageCache/com.unity.visualscripting@1.8.0/Editor/VisualScripting.Core/Dependencies/DotNetZip/Unity.VisualScripting.IonicZip.dll
Symbol file LoadedFromMemory doesn't match image /Users/guestx/Documents/OrbitCleaner1/Library/PackageCache/com.unity.visualscripting@1.8.0/Editor/VisualScripting.Core/Dependencies/YamlDotNet/Unity.VisualScripting.YamlDotNet.dll
Native extension for OSXStandalone target not found
Refreshing native plugins compatible for Editor in 0.84 ms, found 4 plugins.
Preloading 0 native plugins for Editor in 0.00 ms.
Mono: successfully reloaded assembly
- Completed reload, in  1.142 seconds
Domain Reload Profiling:
	ReloadAssembly (1143ms)
		BeginReloadAssembly (96ms)
			ExecutionOrderSort (0ms)
			DisableScriptedObjects (5ms)
			BackupInstance (0ms)
			ReleaseScriptingObjects (0ms)
			CreateAndSetChildDomain (22ms)
		EndReloadAssembly (955ms)
			LoadAssemblies (83ms)
			RebuildTransferFunctionScriptingTraits (0ms)
			SetupTypeCache (266ms)
			ReleaseScriptCaches (0ms)
			RebuildScriptCaches (56ms)
			SetupLoadedEditorAssemblies (515ms)
				LogAssemblyErrors (0ms)
				InitializePlatformSupportModulesInManaged (3ms)
				SetLoadedEditorAssemblies (0ms)
				RefreshPlugins (1ms)
				BeforeProcessingInitializeOnLoad (83ms)
				ProcessInitializeOnLoadAttributes (381ms)
				ProcessInitializeOnLoadMethodAttributes (43ms)
				AfterProcessingInitializeOnLoad (3ms)
				EditorAssembliesLoaded (1ms)
			ExecutionOrderSort2 (0ms)
			AwakeInstancesAfterBackupRestoration (6ms)
Platform modules already initialized, skipping
========================================================================
Worker process is ready to serve import requests
Launching external process: /Applications/Unity/Hub/Editor/2021.3.22f1/Unity.app/Contents/Tools/UnityShaderCompiler
Launched and connected shader compiler UnityShaderCompiler after 0.37 seconds
Refreshing native plugins compatible for Editor in 1.08 ms, found 4 plugins.
Preloading 0 native plugins for Editor in 0.00 ms.
Unloading 3906 Unused Serialized files (Serialized files now loaded: 0)
Unloading 76 unused Assets / (90.5 KB). Loaded Objects now: 4359.
Memory consumption went from 235.3 MB to 235.2 MB.
Total: 4.835458 ms (FindLiveObjects: 0.396167 ms CreateObjectMapping: 0.093834 ms MarkObjects: 4.211042 ms  DeleteObjects: 0.133792 ms)

AssetImportParameters requested are different than current active one (requested -> active):
  custom:video-decoder-ogg-theora: a1e56fd34408186e4bbccfd4996cb3dc -> 
  custom:container-muxer-webm: aa71ff27fc2769a1b78a27578f13a17b -> 
  custom:container-demuxer-webm: 4f35f7cbe854078d1ac9338744f61a02 -> 
  custom:video-encoder-webm-vp8: eb34c28f22e8b96e1ab97ce403110664 -> 
  custom:framework-osx-AVFoundation: e770b220cccbd017edd2c1fefb359320 -> 
  custom:audio-encoder-webm-vorbis: bf7c407c2cedff20999df2af8eb42d56 -> 
  custom:container-demuxer-ogg: 62fdf1f143b41e24485cea50d1cbac27 -> 
  custom:video-decoder-webm-vp8: 9c59270c3fd7afecdb556c50c9e8de78 -> 
  custom:audio-decoder-ogg-vorbis: bf7c407c2cedff20999df2af8eb42d56 -> 
========================================================================
Received Import Request.
  Time since last request: 82580.319078 seconds.
  path: Assets/Scripts/EventClickAlien.cs
  artifactKey: Guid(23b267ae909aad744a973fb972cf7cc2) Importer(815301076,1909f56bfc062723c751e8b465ee728b)
Start importing Assets/Scripts/EventClickAlien.cs using Guid(23b267ae909aad744a973fb972cf7cc2) Importer(815301076,1909f56bfc062723c751e8b465ee728b)  -> (artifact id: 'e34113122b66c146ce9615f6f844b040') in 0.346158 seconds 
========================================================================
Received Import Request.
  Time since last request: 0.000506 seconds.
  path: Assets/Scripts/DistanceCheck.cs
  artifactKey: Guid(715400cb33d35b1468d88b3d9538ee67) Importer(815301076,1909f56bfc062723c751e8b465ee728b)
Start importing Assets/Scripts/DistanceCheck.cs using Guid(715400cb33d35b1468d88b3d9538ee67) Importer(815301076,1909f56bfc062723c751e8b465ee728b)  -> (artifact id: '0afd807c995137f48e7d2371e043a98a') in 0.001467 seconds 
========================================================================
Received Import Request.
  Time since last request: 0.000035 seconds.
  path: Assets/Scripts/Director.cs
  artifactKey: Guid(931d899e1e2bfea469ca31bdf2fd725d) Importer(815301076,1909f56bfc062723c751e8b465ee728b)
Start importing Assets/Scripts/Director.cs using Guid(931d899e1e2bfea469ca31bdf2fd725d) Importer(815301076,1909f56bfc062723c751e8b465ee728b)  -> (artifact id: 'a9d6c986c42eecf32c8bd2d2850a5c52') in 0.000838 seconds 
========================================================================
Received Import Request.
  Time since last request: 4.654006 seconds.
  path: Assets/Scripts/AudioSpawnPrefab.cs
  artifactKey: Guid(b376126c720f31d4caf31d1f04cb91fc) Importer(815301076,1909f56bfc062723c751e8b465ee728b)
Start importing Assets/Scripts/AudioSpawnPrefab.cs using Guid(b376126c720f31d4caf31d1f04cb91fc) Importer(815301076,1909f56bfc062723c751e8b465ee728b)  -> (artifact id: 'd7dde918ea6e9137cdc42044c78c162f') in 0.001669 seconds 
========================================================================
Received Import Request.
  Time since last request: 2.638712 seconds.
  path: Assets/Scripts/BlindModeToggle.cs
  artifactKey: Guid(11a9479de52af5145b4670862bfc08a2) Importer(815301076,1909f56bfc062723c751e8b465ee728b)
Start importing Assets/Scripts/BlindModeToggle.cs using Guid(11a9479de52af5145b4670862bfc08a2) Importer(815301076,1909f56bfc062723c751e8b465ee728b)  -> (artifact id: 'd622ac5522fcff76851c6850c2ec0e86') in 0.001650 seconds 
========================================================================
Received Import Request.
  Time since last request: 0.453675 seconds.
  path: Assets/Scripts/CurserCommands.cs
  artifactKey: Guid(a2ba64d55692a3040af4341680642791) Importer(815301076,1909f56bfc062723c751e8b465ee728b)
Start importing Assets/Scripts/CurserCommands.cs using Guid(a2ba64d55692a3040af4341680642791) Importer(815301076,1909f56bfc062723c751e8b465ee728b)  -> (artifact id: 'b435814a6bbc1397217f86d310b0b61e') in 0.001250 seconds 
========================================================================
Received Import Request.
  Time since last request: 6.079921 seconds.
  path: Assets/Scripts/VariableManager.cs
  artifactKey: Guid(1295c180a4be11b4f9098126a26aefb8) Importer(815301076,1909f56bfc062723c751e8b465ee728b)
Start importing Assets/Scripts/VariableManager.cs using Guid(1295c180a4be11b4f9098126a26aefb8) Importer(815301076,1909f56bfc062723c751e8b465ee728b)  -> (artifact id: '6cce31f2700da20957553f4de3ce3578') in 0.001604 seconds 
========================================================================
Received Import Request.
  Time since last request: 20.053379 seconds.
  path: Assets/Scripts/ReportWriter.cs
  artifactKey: Guid(84e3524aab722f744a01bdb76c98c978) Importer(815301076,1909f56bfc062723c751e8b465ee728b)
Start importing Assets/Scripts/ReportWriter.cs using Guid(84e3524aab722f744a01bdb76c98c978) Importer(815301076,1909f56bfc062723c751e8b465ee728b)  -> (artifact id: '31acc3bb768b8a3e4a040123ce728195') in 0.002671 seconds 
========================================================================
Received Import Request.
  Time since last request: 0.411339 seconds.
  path: Assets/Scripts/Spawner.cs
  artifactKey: Guid(963182d8c32f091468943b46f223b6b3) Importer(815301076,1909f56bfc062723c751e8b465ee728b)
Start importing Assets/Scripts/Spawner.cs using Guid(963182d8c32f091468943b46f223b6b3) Importer(815301076,1909f56bfc062723c751e8b465ee728b)  -> (artifact id: '92321d8f408266075cc340f57fa54165') in 0.001319 seconds 
========================================================================
Received Import Request.
  Time since last request: 15.209302 seconds.
  path: Assets/Scripts/Player.cs
  artifactKey: Guid(ff3b7b2522b38b6439358d65fab2e6cb) Importer(815301076,1909f56bfc062723c751e8b465ee728b)
Start importing Assets/Scripts/Player.cs using Guid(ff3b7b2522b38b6439358d65fab2e6cb) Importer(815301076,1909f56bfc062723c751e8b465ee728b)  -> (artifact id: '0b585b679dfde9d64522c9116808ee54') in 0.001191 seconds 
========================================================================
Received Import Request.
  Time since last request: 1.950404 seconds.
  path: Assets/Scripts/OscQuaternionTransformerLineEndsFixed.cs
  artifactKey: Guid(41452a1788fe19f4bb5340463741387e) Importer(815301076,1909f56bfc062723c751e8b465ee728b)
Start importing Assets/Scripts/OscQuaternionTransformerLineEndsFixed.cs using Guid(41452a1788fe19f4bb5340463741387e) Importer(815301076,1909f56bfc062723c751e8b465ee728b)  -> (artifact id: '8ca3faccef3bae3403387282c04bb363') in 0.002237 seconds 
========================================================================
Received Import Request.
  Time since last request: 35.678346 seconds.
  path: Assets/Scripts/Static/CSVManager.cs
  artifactKey: Guid(39de57d249097a54da5be4258b4ad2a5) Importer(815301076,1909f56bfc062723c751e8b465ee728b)
Start importing Assets/Scripts/Static/CSVManager.cs using Guid(39de57d249097a54da5be4258b4ad2a5) Importer(815301076,1909f56bfc062723c751e8b465ee728b)  -> (artifact id: '28ddd104d14f02c03ae94a46bc313d06') in 0.001577 seconds 
